2025-09-26 19:29:06,056 - termnet.autopilot - INFO - Starting autopilot execution for goal: please set yourself up for safer development with more testing
2025-09-26 19:29:06,057 - termnet.autopilot - INFO - Analyzing repository structure and content
2025-09-26 19:29:33,043 - termnet.autopilot - INFO - Created plan with 3 tasks
2025-09-26 19:30:21,845 - termnet.autopilot - INFO - Starting autopilot execution for goal: Hello! Can you tell me what you can do and help me improve this codebase?
2025-09-26 19:30:21,845 - termnet.autopilot - INFO - Analyzing repository structure and content
2025-09-26 19:30:48,500 - termnet.autopilot - INFO - Created plan with 2 tasks
2025-09-26 19:39:45,329 - termnet.autopilot - INFO - Starting autopilot execution for goal: test
2025-09-26 19:39:45,330 - termnet.autopilot - INFO - Analyzing repository structure and content
2025-09-26 19:40:12,446 - termnet.autopilot - INFO - Created plan with 3 tasks
2025-09-26 19:42:58,638 - termnet.autopilot - INFO - Starting autopilot execution for goal: Hello TermNet! Please introduce yourself and tell me your capabilities
2025-09-26 19:42:58,638 - termnet.autopilot - INFO - Analyzing repository structure and content
2025-09-26 19:43:26,576 - termnet.autopilot - INFO - Created plan with 2 tasks
2025-09-26 19:51:36,911 - termnet.autopilot - INFO - Starting autopilot execution for goal: hello world
2025-09-26 19:51:36,912 - termnet.autopilot - INFO - Analyzing repository structure and content
2025-09-26 19:52:06,441 - termnet.autopilot - INFO - Created plan with 2 tasks
2025-09-26 19:52:27,634 - termnet.autopilot - INFO - Created backup at: /var/folders/wr/pl138t2s3v3dplq4rjvbmd080000gn/T/termnet_backup_eamhlzi7
2025-09-26 19:52:50,227 - termnet.autopilot - INFO - Starting autopilot execution for goal: Hello! Please introduce yourself
2025-09-26 19:52:50,227 - termnet.autopilot - INFO - Analyzing repository structure and content
2025-09-26 19:53:18,835 - termnet.autopilot - INFO - Created plan with 2 tasks
2025-09-26 19:53:39,629 - termnet.autopilot - INFO - Created backup at: /var/folders/wr/pl138t2s3v3dplq4rjvbmd080000gn/T/termnet_backup_ixu22u2p
2025-09-26 19:54:00,688 - termnet.autopilot - INFO - Starting autopilot execution for goal: Hello! Please introduce yourself and your capabilities
2025-09-26 19:54:00,689 - termnet.autopilot - INFO - Analyzing repository structure and content
2025-09-26 19:54:28,538 - termnet.autopilot - INFO - Created plan with 2 tasks
